
                            < M A T L A B (R) >
                  Copyright 1984-2015 The MathWorks, Inc.
                   R2015b (8.6.0.267246) 64-bit (maci64)
                              August 20, 2015

 
To get started, type one of these: helpwin, helpdesk, or demo.
For product information, visit www.mathworks.com.
 

	Academic License


indexforcol =

1


indexforcol =

2


indexforcol =

3


indexforcol =

4


indexforcol =

5


indexforcol =

6


indexforcol =

7


indexforcol =

8


indexforcol =

9


indexforcol =

10


performance =

    0.0126


closedLoopPerformance =

   4.5956e+08


stepAheadPerformance =

    0.0126

